INFO  04:02:31 Application started. Press Ctrl+C to shut down.
INFO  04:02:31 Application started. Press Ctrl+C to shut down.
INFO  04:02:31 Hosting environment: Development
INFO  04:02:31 Hosting environment: Development
INFO  04:02:31 Content root path: F:\CTS Training\SimulationProject - BankingApplication\FundTransferService\FundTransferService
INFO  04:02:31 Content root path: F:\CTS Training\SimulationProject - BankingApplication\FundTransferService\FundTransferService
INFO  04:03:50 Transaction Details Getting Added
INFO  12:53:25 Application started. Press Ctrl+C to shut down.
INFO  12:53:25 Application started. Press Ctrl+C to shut down.
INFO  12:53:25 Hosting environment: Development
INFO  12:53:25 Hosting environment: Development
INFO  12:53:25 Content root path: F:\CTS Training\SimulationProject - BankingApplication\FundTransferService\FundTransferService
INFO  12:53:25 Content root path: F:\CTS Training\SimulationProject - BankingApplication\FundTransferService\FundTransferService
INFO  02:51:02 Application started. Press Ctrl+C to shut down.
INFO  02:51:02 Application started. Press Ctrl+C to shut down.
INFO  02:51:02 Hosting environment: Development
INFO  02:51:02 Hosting environment: Development
INFO  02:51:02 Content root path: F:\CTS Training\SimulationProject - BankingApplication\FundTransferService\FundTransferService
INFO  02:51:02 Content root path: F:\CTS Training\SimulationProject - BankingApplication\FundTransferService\FundTransferService
INFO  08:15:51 Application started. Press Ctrl+C to shut down.
INFO  08:15:51 Application started. Press Ctrl+C to shut down.
INFO  08:15:51 Hosting environment: Development
INFO  08:15:51 Hosting environment: Development
INFO  08:15:51 Content root path: F:\CTS Training\SimulationProject - BankingApplication\FundTransferService\FundTransferService
INFO  08:15:51 Content root path: F:\CTS Training\SimulationProject - BankingApplication\FundTransferService\FundTransferService
INFO  10:43:05 Application started. Press Ctrl+C to shut down.
INFO  10:43:05 Application started. Press Ctrl+C to shut down.
INFO  10:43:05 Hosting environment: Development
INFO  10:43:05 Hosting environment: Development
INFO  10:43:05 Content root path: F:\CTS Training\SimulationProject - BankingApplication\FundTransferService\FundTransferService
INFO  10:43:05 Content root path: F:\CTS Training\SimulationProject - BankingApplication\FundTransferService\FundTransferService
INFO  11:08:26 Application started. Press Ctrl+C to shut down.
INFO  11:08:26 Application started. Press Ctrl+C to shut down.
INFO  11:08:26 Hosting environment: Development
INFO  11:08:26 Hosting environment: Development
INFO  11:08:26 Content root path: F:\CTS Training\SimulationProject - BankingApplication\FundTransferService\FundTransferService
INFO  11:08:26 Content root path: F:\CTS Training\SimulationProject - BankingApplication\FundTransferService\FundTransferService
INFO  01:47:40 Application started. Press Ctrl+C to shut down.
INFO  01:47:40 Application started. Press Ctrl+C to shut down.
INFO  01:47:40 Hosting environment: Development
INFO  01:47:40 Hosting environment: Development
INFO  01:47:40 Content root path: F:\CTS Training\SimulationProject - BankingApplication\FundTransferService\FundTransferService
INFO  01:47:40 Content root path: F:\CTS Training\SimulationProject - BankingApplication\FundTransferService\FundTransferService
INFO  02:03:01 Application started. Press Ctrl+C to shut down.
INFO  02:03:01 Application started. Press Ctrl+C to shut down.
INFO  02:03:01 Hosting environment: Development
INFO  02:03:01 Hosting environment: Development
INFO  02:03:01 Content root path: F:\CTS Training\SimulationProject - BankingApplication\FundTransferService\FundTransferService
INFO  02:03:01 Content root path: F:\CTS Training\SimulationProject - BankingApplication\FundTransferService\FundTransferService
INFO  02:35:45 Application started. Press Ctrl+C to shut down.
INFO  02:35:45 Application started. Press Ctrl+C to shut down.
INFO  02:35:45 Hosting environment: Development
INFO  02:35:45 Hosting environment: Development
INFO  02:35:45 Content root path: F:\CTS Training\SimulationProject - BankingApplication\FundTransferService\FundTransferService
INFO  02:35:45 Content root path: F:\CTS Training\SimulationProject - BankingApplication\FundTransferService\FundTransferService
INFO  02:42:59 Application started. Press Ctrl+C to shut down.
INFO  02:42:59 Application started. Press Ctrl+C to shut down.
INFO  02:42:59 Hosting environment: Development
INFO  02:42:59 Hosting environment: Development
INFO  02:42:59 Content root path: F:\CTS Training\SimulationProject - BankingApplication\FundTransferService\FundTransferService
INFO  02:42:59 Content root path: F:\CTS Training\SimulationProject - BankingApplication\FundTransferService\FundTransferService
INFO  02:58:41 Application started. Press Ctrl+C to shut down.
INFO  02:58:41 Application started. Press Ctrl+C to shut down.
INFO  02:58:41 Hosting environment: Development
INFO  02:58:41 Hosting environment: Development
INFO  02:58:41 Content root path: F:\CTS Training\SimulationProject - BankingApplication\FundTransferService\FundTransferService
INFO  02:58:41 Content root path: F:\CTS Training\SimulationProject - BankingApplication\FundTransferService\FundTransferService
INFO  04:00:59 Application started. Press Ctrl+C to shut down.
INFO  04:00:59 Application started. Press Ctrl+C to shut down.
INFO  04:00:59 Hosting environment: Development
INFO  04:00:59 Hosting environment: Development
INFO  04:00:59 Content root path: F:\CTS Training\SimulationProject - BankingApplication\FundTransferService\FundTransferService
INFO  04:00:59 Content root path: F:\CTS Training\SimulationProject - BankingApplication\FundTransferService\FundTransferService
INFO  04:39:04 Application started. Press Ctrl+C to shut down.
INFO  04:39:04 Application started. Press Ctrl+C to shut down.
INFO  04:39:04 Hosting environment: Development
INFO  04:39:04 Hosting environment: Development
INFO  04:39:04 Content root path: F:\CTS Training\SimulationProject - BankingApplication\FundTransferService\FundTransferService
INFO  04:39:04 Content root path: F:\CTS Training\SimulationProject - BankingApplication\FundTransferService\FundTransferService
INFO  04:54:58 Application started. Press Ctrl+C to shut down.
INFO  04:54:58 Application started. Press Ctrl+C to shut down.
INFO  04:54:58 Hosting environment: Development
INFO  04:54:58 Hosting environment: Development
INFO  04:54:58 Content root path: F:\CTS Training\SimulationProject - BankingApplication\FundTransferService\FundTransferService
INFO  04:54:58 Content root path: F:\CTS Training\SimulationProject - BankingApplication\FundTransferService\FundTransferService
INFO  05:12:32 Application started. Press Ctrl+C to shut down.
INFO  05:12:32 Application started. Press Ctrl+C to shut down.
INFO  05:12:32 Hosting environment: Development
INFO  05:12:32 Hosting environment: Development
INFO  05:12:32 Content root path: F:\CTS Training\SimulationProject - BankingApplication\FundTransferService\FundTransferService
INFO  05:12:32 Content root path: F:\CTS Training\SimulationProject - BankingApplication\FundTransferService\FundTransferService
INFO  05:29:40 Application started. Press Ctrl+C to shut down.
INFO  05:29:40 Application started. Press Ctrl+C to shut down.
INFO  05:29:40 Hosting environment: Development
INFO  05:29:40 Hosting environment: Development
INFO  05:29:40 Content root path: F:\CTS Training\SimulationProject - BankingApplication\FundTransferService\FundTransferService
INFO  05:29:40 Content root path: F:\CTS Training\SimulationProject - BankingApplication\FundTransferService\FundTransferService
INFO  05:37:51 Application started. Press Ctrl+C to shut down.
INFO  05:37:51 Application started. Press Ctrl+C to shut down.
INFO  05:37:51 Hosting environment: Development
INFO  05:37:51 Hosting environment: Development
INFO  05:37:51 Content root path: F:\CTS Training\SimulationProject - BankingApplication\FundTransferService\FundTransferService
INFO  05:37:51 Content root path: F:\CTS Training\SimulationProject - BankingApplication\FundTransferService\FundTransferService
INFO  06:40:28 Application started. Press Ctrl+C to shut down.
INFO  06:40:28 Application started. Press Ctrl+C to shut down.
INFO  06:40:28 Hosting environment: Development
INFO  06:40:28 Hosting environment: Development
INFO  06:40:28 Content root path: F:\CTS Training\SimulationProject - BankingApplication\FundTransferService\FundTransferService
INFO  06:40:28 Content root path: F:\CTS Training\SimulationProject - BankingApplication\FundTransferService\FundTransferService
INFO  06:49:12 Application started. Press Ctrl+C to shut down.
INFO  06:49:12 Application started. Press Ctrl+C to shut down.
INFO  06:49:12 Hosting environment: Development
INFO  06:49:12 Hosting environment: Development
INFO  06:49:12 Content root path: F:\CTS Training\SimulationProject - BankingApplication\FundTransferService\FundTransferService
INFO  06:49:12 Content root path: F:\CTS Training\SimulationProject - BankingApplication\FundTransferService\FundTransferService
INFO  06:59:59 Application started. Press Ctrl+C to shut down.
INFO  06:59:59 Application started. Press Ctrl+C to shut down.
INFO  06:59:59 Hosting environment: Development
INFO  06:59:59 Hosting environment: Development
INFO  06:59:59 Content root path: F:\CTS Training\SimulationProject - BankingApplication\FundTransferService\FundTransferService
INFO  06:59:59 Content root path: F:\CTS Training\SimulationProject - BankingApplication\FundTransferService\FundTransferService
INFO  07:06:22 Application started. Press Ctrl+C to shut down.
INFO  07:06:22 Application started. Press Ctrl+C to shut down.
INFO  07:06:22 Hosting environment: Development
INFO  07:06:22 Hosting environment: Development
INFO  07:06:22 Content root path: F:\CTS Training\SimulationProject - BankingApplication\FundTransferService\FundTransferService
INFO  07:06:22 Content root path: F:\CTS Training\SimulationProject - BankingApplication\FundTransferService\FundTransferService
INFO  07:14:15 Application started. Press Ctrl+C to shut down.
INFO  07:14:15 Application started. Press Ctrl+C to shut down.
INFO  07:14:15 Hosting environment: Development
INFO  07:14:15 Hosting environment: Development
INFO  07:14:15 Content root path: F:\CTS Training\SimulationProject - BankingApplication\FundTransferService\FundTransferService
INFO  07:14:15 Content root path: F:\CTS Training\SimulationProject - BankingApplication\FundTransferService\FundTransferService
INFO  07:33:53 Application started. Press Ctrl+C to shut down.
INFO  07:33:53 Application started. Press Ctrl+C to shut down.
INFO  07:33:53 Hosting environment: Development
INFO  07:33:53 Hosting environment: Development
INFO  07:33:53 Content root path: F:\CTS Training\SimulationProject - BankingApplication\FundTransferService\FundTransferService
INFO  07:33:53 Content root path: F:\CTS Training\SimulationProject - BankingApplication\FundTransferService\FundTransferService
INFO  07:41:15 Application started. Press Ctrl+C to shut down.
INFO  07:41:15 Application started. Press Ctrl+C to shut down.
INFO  07:41:15 Hosting environment: Development
INFO  07:41:15 Hosting environment: Development
INFO  07:41:15 Content root path: F:\CTS Training\SimulationProject - BankingApplication\FundTransferService\FundTransferService
INFO  07:41:15 Content root path: F:\CTS Training\SimulationProject - BankingApplication\FundTransferService\FundTransferService
INFO  08:01:44 Application started. Press Ctrl+C to shut down.
INFO  08:01:44 Application started. Press Ctrl+C to shut down.
INFO  08:01:44 Hosting environment: Development
INFO  08:01:44 Hosting environment: Development
INFO  08:01:44 Content root path: F:\CTS Training\SimulationProject - BankingApplication\FundTransferService\FundTransferService
INFO  08:01:44 Content root path: F:\CTS Training\SimulationProject - BankingApplication\FundTransferService\FundTransferService
INFO  08:07:54 Application started. Press Ctrl+C to shut down.
INFO  08:07:54 Application started. Press Ctrl+C to shut down.
INFO  08:07:54 Hosting environment: Development
INFO  08:07:54 Hosting environment: Development
INFO  08:07:54 Content root path: F:\CTS Training\SimulationProject - BankingApplication\FundTransferService\FundTransferService
INFO  08:07:54 Content root path: F:\CTS Training\SimulationProject - BankingApplication\FundTransferService\FundTransferService
INFO  08:08:42 Transaction Details Getting Added
ERROR 08:08:43 Error in Adding Transaction Details
INFO  08:08:47 Get TransactionDetails by Id accessed
INFO  08:17:25 Application started. Press Ctrl+C to shut down.
INFO  08:17:25 Application started. Press Ctrl+C to shut down.
INFO  08:17:25 Hosting environment: Development
INFO  08:17:25 Hosting environment: Development
INFO  08:17:25 Content root path: F:\CTS Training\SimulationProject - BankingApplication\FundTransferService\FundTransferService
INFO  08:17:25 Content root path: F:\CTS Training\SimulationProject - BankingApplication\FundTransferService\FundTransferService
INFO  08:18:13 Transaction Details Getting Added
ERROR 08:18:14 Error in Adding Transaction Details
INFO  08:18:19 Get TransactionDetails by Id accessed
INFO  08:33:13 Application started. Press Ctrl+C to shut down.
INFO  08:33:13 Application started. Press Ctrl+C to shut down.
INFO  08:33:13 Hosting environment: Development
INFO  08:33:13 Hosting environment: Development
INFO  08:33:13 Content root path: F:\CTS Training\SimulationProject - BankingApplication\FundTransferService\FundTransferService
INFO  08:33:13 Content root path: F:\CTS Training\SimulationProject - BankingApplication\FundTransferService\FundTransferService
INFO  08:34:11 Transaction Details Getting Added
INFO  08:34:11 amount:0 fromaccount:0
ERROR 08:34:12 Error in Adding Transaction Details
INFO  08:34:19 Get TransactionDetails by Id accessed
INFO  08:43:12 Application started. Press Ctrl+C to shut down.
INFO  08:43:12 Application started. Press Ctrl+C to shut down.
INFO  08:43:12 Hosting environment: Development
INFO  08:43:12 Hosting environment: Development
INFO  08:43:12 Content root path: F:\CTS Training\SimulationProject - BankingApplication\FundTransferService\FundTransferService
INFO  08:43:12 Content root path: F:\CTS Training\SimulationProject - BankingApplication\FundTransferService\FundTransferService
INFO  08:44:04 Transaction Details Getting Added
INFO  08:44:04 amount:5000 fromaccount:0
ERROR 08:44:05 Error in Adding Transaction Details
INFO  08:44:10 Get TransactionDetails by Id accessed
INFO  08:48:05 Application started. Press Ctrl+C to shut down.
INFO  08:48:05 Application started. Press Ctrl+C to shut down.
INFO  08:48:05 Hosting environment: Development
INFO  08:48:05 Hosting environment: Development
INFO  08:48:05 Content root path: F:\CTS Training\SimulationProject - BankingApplication\FundTransferService\FundTransferService
INFO  08:48:05 Content root path: F:\CTS Training\SimulationProject - BankingApplication\FundTransferService\FundTransferService
INFO  08:49:03 Transaction Details Getting Added
INFO  08:49:03 amount:15000 fromaccount:101
ERROR 08:49:05 Error in Adding Transaction Details
INFO  08:49:07 Get TransactionDetails by Id accessed
INFO  08:52:28 Application started. Press Ctrl+C to shut down.
INFO  08:52:28 Application started. Press Ctrl+C to shut down.
INFO  08:52:28 Hosting environment: Development
INFO  08:52:28 Hosting environment: Development
INFO  08:52:28 Content root path: F:\CTS Training\SimulationProject - BankingApplication\FundTransferService\FundTransferService
INFO  08:52:28 Content root path: F:\CTS Training\SimulationProject - BankingApplication\FundTransferService\FundTransferService
INFO  08:53:06 Transaction Details Getting Added
INFO  08:53:06 amount:2000 fromaccount:101 toaccount:102 userid:1
ERROR 08:53:07 Error in Adding Transaction Details
INFO  08:53:08 Get TransactionDetails by Id accessed
INFO  08:59:34 Application started. Press Ctrl+C to shut down.
INFO  08:59:34 Application started. Press Ctrl+C to shut down.
INFO  08:59:34 Hosting environment: Development
INFO  08:59:34 Hosting environment: Development
INFO  08:59:34 Content root path: F:\CTS Training\SimulationProject - BankingApplication\FundTransferService\FundTransferService
INFO  08:59:34 Content root path: F:\CTS Training\SimulationProject - BankingApplication\FundTransferService\FundTransferService
INFO  09:00:39 Transaction Details Getting Added
INFO  09:00:39 amount:1000 fromaccount:200 toaccount:300 userid:20
INFO  09:01:57 Get TransactionDetails by Id accessed
INFO  09:11:21 Application started. Press Ctrl+C to shut down.
INFO  09:11:21 Application started. Press Ctrl+C to shut down.
INFO  09:11:21 Hosting environment: Development
INFO  09:11:21 Hosting environment: Development
INFO  09:11:21 Content root path: F:\CTS Training\SimulationProject - BankingApplication\FundTransferService\FundTransferService
INFO  09:11:21 Content root path: F:\CTS Training\SimulationProject - BankingApplication\FundTransferService\FundTransferService
INFO  09:12:09 Transaction Details Getting Added
INFO  09:12:09 amount:20000 fromaccount:101 toaccount:102 userid:1
ERROR 09:12:10 Error in Adding Transaction Details
INFO  09:12:12 Get TransactionDetails by Id accessed
INFO  10:00:57 Application started. Press Ctrl+C to shut down.
INFO  10:00:57 Application started. Press Ctrl+C to shut down.
INFO  10:00:57 Hosting environment: Development
INFO  10:00:57 Hosting environment: Development
INFO  10:00:57 Content root path: F:\CTS Training\SimulationProject - BankingApplication\FundTransferService\FundTransferService
INFO  10:00:57 Content root path: F:\CTS Training\SimulationProject - BankingApplication\FundTransferService\FundTransferService
INFO  10:02:23 Transaction Details Getting Added
ERROR 10:02:26 Error in Adding Transaction Details
INFO  10:02:28 Get TransactionDetails by Id accessed
INFO  10:21:09 Application started. Press Ctrl+C to shut down.
INFO  10:21:09 Application started. Press Ctrl+C to shut down.
INFO  10:21:09 Hosting environment: Development
INFO  10:21:09 Hosting environment: Development
INFO  10:21:09 Content root path: F:\CTS Training\SimulationProject - BankingApplication\FundTransferService\FundTransferService
INFO  10:21:09 Content root path: F:\CTS Training\SimulationProject - BankingApplication\FundTransferService\FundTransferService
INFO  10:22:19 Transaction Details Getting Added
ERROR 10:22:21 Error in Adding Transaction Details
INFO  10:22:23 Get TransactionDetails by Id accessed
INFO  10:17:04 Application started. Press Ctrl+C to shut down.
INFO  10:17:04 Application started. Press Ctrl+C to shut down.
INFO  10:17:04 Hosting environment: Development
INFO  10:17:04 Hosting environment: Development
INFO  10:17:04 Content root path: F:\CTS Training\SimulationProject - BankingApplication\FundTransferService\FundTransferService
INFO  10:17:04 Content root path: F:\CTS Training\SimulationProject - BankingApplication\FundTransferService\FundTransferService
INFO  10:18:58 Transaction Details Getting Added
ERROR 10:19:00 Error in Adding Transaction Details
INFO  10:19:10 Get TransactionDetails by Id accessed
INFO  10:21:51 Application started. Press Ctrl+C to shut down.
INFO  10:21:51 Application started. Press Ctrl+C to shut down.
INFO  10:21:51 Hosting environment: Development
INFO  10:21:51 Hosting environment: Development
INFO  10:21:51 Content root path: F:\CTS Training\SimulationProject - BankingApplication\FundTransferService\FundTransferService
INFO  10:21:51 Content root path: F:\CTS Training\SimulationProject - BankingApplication\FundTransferService\FundTransferService
INFO  10:22:46 Transaction Details Getting Added
ERROR 10:22:47 Error in Adding Transaction Details
INFO  10:49:20 Application started. Press Ctrl+C to shut down.
INFO  10:49:20 Application started. Press Ctrl+C to shut down.
INFO  10:49:20 Hosting environment: Development
INFO  10:49:20 Hosting environment: Development
INFO  10:49:20 Content root path: F:\CTS Training\SimulationProject - BankingApplication\FundTransferService\FundTransferService
INFO  10:49:20 Content root path: F:\CTS Training\SimulationProject - BankingApplication\FundTransferService\FundTransferService
INFO  10:52:17 Transaction Details Getting Added
ERROR 10:52:18 Error in Adding Transaction Details
INFO  10:52:21 Get TransactionDetails by Id accessed
INFO  11:06:44 Application started. Press Ctrl+C to shut down.
INFO  11:06:44 Application started. Press Ctrl+C to shut down.
INFO  11:06:44 Hosting environment: Development
INFO  11:06:44 Hosting environment: Development
INFO  11:06:44 Content root path: F:\CTS Training\SimulationProject - BankingApplication\FundTransferService\FundTransferService
INFO  11:06:44 Content root path: F:\CTS Training\SimulationProject - BankingApplication\FundTransferService\FundTransferService
INFO  11:07:41 Transaction Details Getting Added
ERROR 11:15:02 Error in Adding Transaction Details
INFO  11:17:16 Application started. Press Ctrl+C to shut down.
INFO  11:17:16 Application started. Press Ctrl+C to shut down.
INFO  11:17:16 Hosting environment: Development
INFO  11:17:16 Hosting environment: Development
INFO  11:17:16 Content root path: F:\CTS Training\SimulationProject - BankingApplication\FundTransferService\FundTransferService
INFO  11:17:16 Content root path: F:\CTS Training\SimulationProject - BankingApplication\FundTransferService\FundTransferService
INFO  11:18:08 Transaction Details Getting Added
ERROR 11:18:09 Error in Adding Transaction Details
INFO  11:18:32 Get TransactionDetails by Id accessed
INFO  11:29:57 Application started. Press Ctrl+C to shut down.
INFO  11:29:57 Application started. Press Ctrl+C to shut down.
INFO  11:29:57 Hosting environment: Development
INFO  11:29:57 Hosting environment: Development
INFO  11:29:57 Content root path: F:\CTS Training\SimulationProject - BankingApplication\FundTransferService\FundTransferService
INFO  11:29:57 Content root path: F:\CTS Training\SimulationProject - BankingApplication\FundTransferService\FundTransferService
INFO  11:30:50 Transaction Details Getting Added
ERROR 11:30:51 Error in Adding Transaction Details
INFO  11:30:55 Get TransactionDetails by Id accessed
INFO  11:32:27 Application started. Press Ctrl+C to shut down.
INFO  11:32:27 Application started. Press Ctrl+C to shut down.
INFO  11:32:27 Hosting environment: Development
INFO  11:32:27 Hosting environment: Development
INFO  11:32:27 Content root path: F:\CTS Training\SimulationProject - BankingApplication\FundTransferService\FundTransferService
INFO  11:32:27 Content root path: F:\CTS Training\SimulationProject - BankingApplication\FundTransferService\FundTransferService
INFO  11:34:26 Transaction Details Getting Added
ERROR 11:34:27 Error in Adding Transaction Details
INFO  11:35:47 Get TransactionDetails by Id accessed
INFO  11:45:43 Application started. Press Ctrl+C to shut down.
INFO  11:45:43 Application started. Press Ctrl+C to shut down.
INFO  11:45:43 Hosting environment: Development
INFO  11:45:43 Hosting environment: Development
INFO  11:45:43 Content root path: F:\CTS Training\SimulationProject - BankingApplication\FundTransferService\FundTransferService
INFO  11:45:43 Content root path: F:\CTS Training\SimulationProject - BankingApplication\FundTransferService\FundTransferService
INFO  11:46:29 Transaction Details Getting Added
INFO  11:46:31 amount4655
INFO  11:49:41 Application started. Press Ctrl+C to shut down.
INFO  11:49:41 Application started. Press Ctrl+C to shut down.
INFO  11:49:41 Hosting environment: Development
INFO  11:49:41 Hosting environment: Development
INFO  11:49:41 Content root path: F:\CTS Training\SimulationProject - BankingApplication\FundTransferService\FundTransferService
INFO  11:49:41 Content root path: F:\CTS Training\SimulationProject - BankingApplication\FundTransferService\FundTransferService
INFO  11:50:02 Get TransactionDetails by Id accessed
INFO  11:53:11 Application started. Press Ctrl+C to shut down.
INFO  11:53:11 Application started. Press Ctrl+C to shut down.
INFO  11:53:11 Hosting environment: Development
INFO  11:53:11 Hosting environment: Development
INFO  11:53:11 Content root path: F:\CTS Training\SimulationProject - BankingApplication\FundTransferService\FundTransferService
INFO  11:53:11 Content root path: F:\CTS Training\SimulationProject - BankingApplication\FundTransferService\FundTransferService
INFO  11:54:21 Transaction Details Getting Added
ERROR 11:54:22 Error in Adding Transaction Details
INFO  11:54:25 Get TransactionDetails by Id accessed
INFO  12:02:38 Application started. Press Ctrl+C to shut down.
INFO  12:02:39 Application started. Press Ctrl+C to shut down.
INFO  12:02:39 Hosting environment: Development
INFO  12:02:39 Hosting environment: Development
INFO  12:02:39 Content root path: F:\CTS Training\SimulationProject - BankingApplication\FundTransferService\FundTransferService
INFO  12:02:39 Content root path: F:\CTS Training\SimulationProject - BankingApplication\FundTransferService\FundTransferService
INFO  12:03:38 Transaction Details Getting Added
INFO  12:03:41 amount15000
INFO  12:03:43 Get TransactionDetails by Id accessed
INFO  06:41:54 Application started. Press Ctrl+C to shut down.
INFO  06:41:54 Application started. Press Ctrl+C to shut down.
INFO  06:41:54 Hosting environment: Development
INFO  06:41:54 Hosting environment: Development
INFO  06:41:54 Content root path: F:\CTS Training\SimulationProject - BankingApplication\FundTransferService\FundTransferService
INFO  06:41:54 Content root path: F:\CTS Training\SimulationProject - BankingApplication\FundTransferService\FundTransferService
INFO  06:44:59 Transaction Details Getting Added
INFO  06:45:01 amount12500
INFO  06:45:05 Get TransactionDetails by Id accessed
