INFO  04:20:15 Application started. Press Ctrl+C to shut down.
INFO  04:20:15 Application started. Press Ctrl+C to shut down.
INFO  04:20:15 Hosting environment: Development
INFO  04:20:15 Hosting environment: Development
INFO  04:20:16 Content root path: F:\CTS Training\SimulationProject - BankingApplication\BankEnquiryService\BankEnquiryService
INFO  04:20:16 Content root path: F:\CTS Training\SimulationProject - BankingApplication\BankEnquiryService\BankEnquiryService
INFO  04:22:02  Http GET is accesed
ERROR 04:22:03 Error in Get request
INFO  04:22:41 Http Get by user is successfull
INFO  04:23:00 Http Get by user is successfull
INFO  04:29:50 Application started. Press Ctrl+C to shut down.
INFO  04:29:50 Application started. Press Ctrl+C to shut down.
INFO  04:29:50 Hosting environment: Development
INFO  04:29:50 Hosting environment: Development
INFO  04:29:50 Content root path: F:\CTS Training\SimulationProject - BankingApplication\BankEnquiryService\BankEnquiryService
INFO  04:29:50 Content root path: F:\CTS Training\SimulationProject - BankingApplication\BankEnquiryService\BankEnquiryService
INFO  04:30:05  Http GET is accesed
INFO  04:38:41 Application started. Press Ctrl+C to shut down.
INFO  04:38:41 Application started. Press Ctrl+C to shut down.
INFO  04:38:41 Hosting environment: Development
INFO  04:38:41 Hosting environment: Development
INFO  04:38:41 Content root path: F:\CTS Training\SimulationProject - BankingApplication\BankEnquiryService\BankEnquiryService
INFO  04:38:41 Content root path: F:\CTS Training\SimulationProject - BankingApplication\BankEnquiryService\BankEnquiryService
INFO  04:49:01 Application started. Press Ctrl+C to shut down.
INFO  04:49:01 Application started. Press Ctrl+C to shut down.
INFO  04:49:01 Hosting environment: Development
INFO  04:49:01 Hosting environment: Development
INFO  04:49:01 Content root path: F:\CTS Training\SimulationProject - BankingApplication\BankEnquiryService\BankEnquiryService
INFO  04:49:01 Content root path: F:\CTS Training\SimulationProject - BankingApplication\BankEnquiryService\BankEnquiryService
INFO  04:49:29  Http GET is accesed
INFO  04:51:31 Http Get by user is successfull
INFO  04:51:38 Http Get by user is successfull
INFO  04:51:57 Http Get by user is successfull
INFO  04:54:30 Application started. Press Ctrl+C to shut down.
INFO  04:54:30 Application started. Press Ctrl+C to shut down.
INFO  04:54:30 Hosting environment: Development
INFO  04:54:30 Hosting environment: Development
INFO  04:54:30 Content root path: F:\CTS Training\SimulationProject - BankingApplication\BankEnquiryService\BankEnquiryService
INFO  04:54:30 Content root path: F:\CTS Training\SimulationProject - BankingApplication\BankEnquiryService\BankEnquiryService
INFO  05:12:22 Application started. Press Ctrl+C to shut down.
INFO  05:12:22 Application started. Press Ctrl+C to shut down.
INFO  05:12:22 Hosting environment: Development
INFO  05:12:22 Hosting environment: Development
INFO  05:12:22 Content root path: F:\CTS Training\SimulationProject - BankingApplication\BankEnquiryService\BankEnquiryService
INFO  05:12:22 Content root path: F:\CTS Training\SimulationProject - BankingApplication\BankEnquiryService\BankEnquiryService
INFO  05:28:51 Application started. Press Ctrl+C to shut down.
INFO  05:28:51 Application started. Press Ctrl+C to shut down.
INFO  05:28:51 Hosting environment: Development
INFO  05:28:51 Hosting environment: Development
INFO  05:28:51 Content root path: F:\CTS Training\SimulationProject - BankingApplication\BankEnquiryService\BankEnquiryService
INFO  05:28:51 Content root path: F:\CTS Training\SimulationProject - BankingApplication\BankEnquiryService\BankEnquiryService
INFO  05:30:27  Http GET is accesed
INFO  05:31:16 Http Get by user is successfull
INFO  05:37:39 Application started. Press Ctrl+C to shut down.
INFO  05:37:39 Application started. Press Ctrl+C to shut down.
INFO  05:37:39 Hosting environment: Development
INFO  05:37:39 Hosting environment: Development
INFO  05:37:39 Content root path: F:\CTS Training\SimulationProject - BankingApplication\BankEnquiryService\BankEnquiryService
INFO  05:37:39 Content root path: F:\CTS Training\SimulationProject - BankingApplication\BankEnquiryService\BankEnquiryService
INFO  05:38:30 Http Get by user is successfull
INFO  06:40:07 Application started. Press Ctrl+C to shut down.
INFO  06:40:07 Application started. Press Ctrl+C to shut down.
INFO  06:40:07 Hosting environment: Development
INFO  06:40:07 Hosting environment: Development
INFO  06:40:07 Content root path: F:\CTS Training\SimulationProject - BankingApplication\BankEnquiryService\BankEnquiryService
INFO  06:40:07 Content root path: F:\CTS Training\SimulationProject - BankingApplication\BankEnquiryService\BankEnquiryService
INFO  06:42:45  Http GET is accesed
INFO  06:43:08 Http Get by user is successfull
INFO  06:48:55 Application started. Press Ctrl+C to shut down.
INFO  06:48:55 Application started. Press Ctrl+C to shut down.
INFO  06:48:55 Hosting environment: Development
INFO  06:48:55 Hosting environment: Development
INFO  06:48:55 Content root path: F:\CTS Training\SimulationProject - BankingApplication\BankEnquiryService\BankEnquiryService
INFO  06:48:55 Content root path: F:\CTS Training\SimulationProject - BankingApplication\BankEnquiryService\BankEnquiryService
INFO  06:50:00  Http GET is accesed
INFO  06:50:07 Http Get by userid0is successfull
INFO  06:59:45 Application started. Press Ctrl+C to shut down.
INFO  06:59:45 Application started. Press Ctrl+C to shut down.
INFO  06:59:45 Hosting environment: Development
INFO  06:59:45 Hosting environment: Development
INFO  06:59:45 Content root path: F:\CTS Training\SimulationProject - BankingApplication\BankEnquiryService\BankEnquiryService
INFO  06:59:45 Content root path: F:\CTS Training\SimulationProject - BankingApplication\BankEnquiryService\BankEnquiryService
INFO  07:00:42  Http GET is accesed
INFO  07:00:56 Http Get by userid 0 is successfull
INFO  07:06:12 Application started. Press Ctrl+C to shut down.
INFO  07:06:12 Application started. Press Ctrl+C to shut down.
INFO  07:06:12 Hosting environment: Development
INFO  07:06:12 Hosting environment: Development
INFO  07:06:12 Content root path: F:\CTS Training\SimulationProject - BankingApplication\BankEnquiryService\BankEnquiryService
INFO  07:06:12 Content root path: F:\CTS Training\SimulationProject - BankingApplication\BankEnquiryService\BankEnquiryService
INFO  07:07:00  Http GET is accesed
INFO  07:07:06 Http Get by userid 0 is successfull
INFO  07:14:04 Application started. Press Ctrl+C to shut down.
INFO  07:14:04 Application started. Press Ctrl+C to shut down.
INFO  07:14:04 Hosting environment: Development
INFO  07:14:04 Hosting environment: Development
INFO  07:14:05 Content root path: F:\CTS Training\SimulationProject - BankingApplication\BankEnquiryService\BankEnquiryService
INFO  07:14:05 Content root path: F:\CTS Training\SimulationProject - BankingApplication\BankEnquiryService\BankEnquiryService
INFO  07:14:59  Http GET is accesed
INFO  07:15:10 Http Get by userid 0 is successfull
INFO  07:33:39 Application started. Press Ctrl+C to shut down.
INFO  07:33:39 Application started. Press Ctrl+C to shut down.
INFO  07:33:39 Hosting environment: Development
INFO  07:33:39 Hosting environment: Development
INFO  07:33:39 Content root path: F:\CTS Training\SimulationProject - BankingApplication\BankEnquiryService\BankEnquiryService
INFO  07:33:39 Content root path: F:\CTS Training\SimulationProject - BankingApplication\BankEnquiryService\BankEnquiryService
INFO  07:35:01  Http GET is accesed
INFO  07:35:07 Http Get by userid 0 is successfull
INFO  07:35:23 Http Get by userid 0 is successfull
INFO  07:41:04 Application started. Press Ctrl+C to shut down.
INFO  07:41:04 Application started. Press Ctrl+C to shut down.
INFO  07:41:04 Hosting environment: Development
INFO  07:41:04 Hosting environment: Development
INFO  07:41:04 Content root path: F:\CTS Training\SimulationProject - BankingApplication\BankEnquiryService\BankEnquiryService
INFO  07:41:04 Content root path: F:\CTS Training\SimulationProject - BankingApplication\BankEnquiryService\BankEnquiryService
INFO  07:41:49  Http GET is accesed
INFO  07:41:56 Http Get by userid 0 is successfull
INFO  07:42:09 Http Get by userid 0 is successfull
INFO  08:01:30 Application started. Press Ctrl+C to shut down.
INFO  08:01:30 Application started. Press Ctrl+C to shut down.
INFO  08:01:30 Hosting environment: Development
INFO  08:01:30 Hosting environment: Development
INFO  08:01:30 Content root path: F:\CTS Training\SimulationProject - BankingApplication\BankEnquiryService\BankEnquiryService
INFO  08:01:30 Content root path: F:\CTS Training\SimulationProject - BankingApplication\BankEnquiryService\BankEnquiryService
INFO  08:02:18  Http GET is accesed
INFO  08:02:28 Http Get by userid 0 is successfull
INFO  08:07:40 Application started. Press Ctrl+C to shut down.
INFO  08:07:40 Application started. Press Ctrl+C to shut down.
INFO  08:07:40 Hosting environment: Development
INFO  08:07:40 Hosting environment: Development
INFO  08:07:40 Content root path: F:\CTS Training\SimulationProject - BankingApplication\BankEnquiryService\BankEnquiryService
INFO  08:07:40 Content root path: F:\CTS Training\SimulationProject - BankingApplication\BankEnquiryService\BankEnquiryService
INFO  08:08:23  Http GET is accesed
INFO  08:08:29 Http Get by userid 1 is successfull
INFO  08:08:41 Http Get by userid 1 is successfull
INFO  08:08:44  Http GET is accesed
INFO  08:17:09 Application started. Press Ctrl+C to shut down.
INFO  08:17:09 Application started. Press Ctrl+C to shut down.
INFO  08:17:09 Hosting environment: Development
INFO  08:17:09 Hosting environment: Development
INFO  08:17:09 Content root path: F:\CTS Training\SimulationProject - BankingApplication\BankEnquiryService\BankEnquiryService
INFO  08:17:09 Content root path: F:\CTS Training\SimulationProject - BankingApplication\BankEnquiryService\BankEnquiryService
INFO  08:17:54  Http GET is accesed
INFO  08:17:59 Http Get by userid 1 is successfull
INFO  08:18:12 Http Get by userid 1 is successfull
INFO  08:18:14  Http GET is accesed
INFO  08:32:42 Application started. Press Ctrl+C to shut down.
INFO  08:32:42 Application started. Press Ctrl+C to shut down.
INFO  08:32:42 Hosting environment: Development
INFO  08:32:42 Hosting environment: Development
INFO  08:32:42 Content root path: F:\CTS Training\SimulationProject - BankingApplication\BankEnquiryService\BankEnquiryService
INFO  08:32:42 Content root path: F:\CTS Training\SimulationProject - BankingApplication\BankEnquiryService\BankEnquiryService
INFO  08:33:41  Http GET is accesed
INFO  08:33:49 Http Get by userid 1 is successfull
INFO  08:34:10 Http Get by userid 1 is successfull
INFO  08:34:12  Http GET is accesed
INFO  08:43:00 Application started. Press Ctrl+C to shut down.
INFO  08:43:00 Application started. Press Ctrl+C to shut down.
INFO  08:43:00 Hosting environment: Development
INFO  08:43:00 Hosting environment: Development
INFO  08:43:00 Content root path: F:\CTS Training\SimulationProject - BankingApplication\BankEnquiryService\BankEnquiryService
INFO  08:43:00 Content root path: F:\CTS Training\SimulationProject - BankingApplication\BankEnquiryService\BankEnquiryService
INFO  08:43:48  Http GET is accesed
INFO  08:43:52 Http Get by userid 1 is successfull
INFO  08:44:03 Http Get by userid 1 is successfull
INFO  08:44:05  Http GET is accesed
INFO  08:47:54 Application started. Press Ctrl+C to shut down.
INFO  08:47:54 Application started. Press Ctrl+C to shut down.
INFO  08:47:54 Hosting environment: Development
INFO  08:47:54 Hosting environment: Development
INFO  08:47:54 Content root path: F:\CTS Training\SimulationProject - BankingApplication\BankEnquiryService\BankEnquiryService
INFO  08:47:54 Content root path: F:\CTS Training\SimulationProject - BankingApplication\BankEnquiryService\BankEnquiryService
INFO  08:48:37  Http GET is accesed
INFO  08:48:42 Http Get by userid 1 is successfull
INFO  08:49:03 Http Get by userid 1 is successfull
INFO  08:49:05  Http GET is accesed
INFO  08:52:15 Application started. Press Ctrl+C to shut down.
INFO  08:52:15 Application started. Press Ctrl+C to shut down.
INFO  08:52:15 Hosting environment: Development
INFO  08:52:15 Hosting environment: Development
INFO  08:52:15 Content root path: F:\CTS Training\SimulationProject - BankingApplication\BankEnquiryService\BankEnquiryService
INFO  08:52:15 Content root path: F:\CTS Training\SimulationProject - BankingApplication\BankEnquiryService\BankEnquiryService
INFO  08:52:52  Http GET is accesed
INFO  08:52:57 Http Get by userid 1 is successfull
INFO  08:53:05 Http Get by userid 1 is successfull
INFO  08:53:07  Http GET is accesed
INFO  09:10:59 Application started. Press Ctrl+C to shut down.
INFO  09:10:59 Application started. Press Ctrl+C to shut down.
INFO  09:10:59 Hosting environment: Development
INFO  09:10:59 Hosting environment: Development
INFO  09:10:59 Content root path: F:\CTS Training\SimulationProject - BankingApplication\BankEnquiryService\BankEnquiryService
INFO  09:10:59 Content root path: F:\CTS Training\SimulationProject - BankingApplication\BankEnquiryService\BankEnquiryService
INFO  09:11:51  Http GET is accesed
INFO  09:11:56 Http Get by userid 1 is successfull
INFO  09:12:08 Http Get by userid 1 is successfull
INFO  09:12:10  Http GET is accesed
INFO  09:59:42 Application started. Press Ctrl+C to shut down.
INFO  09:59:42 Application started. Press Ctrl+C to shut down.
INFO  09:59:42 Hosting environment: Development
INFO  09:59:42 Hosting environment: Development
INFO  09:59:42 Content root path: F:\CTS Training\SimulationProject - BankingApplication\BankEnquiryService\BankEnquiryService
INFO  09:59:42 Content root path: F:\CTS Training\SimulationProject - BankingApplication\BankEnquiryService\BankEnquiryService
INFO  10:02:01  Http GET is accesed
INFO  10:02:08 Http Get by userid 1 is successfull
INFO  10:02:22 Http Get by userid 1 is successfull
INFO  10:02:26  Http GET is accesed
INFO  10:20:08 Application started. Press Ctrl+C to shut down.
INFO  10:20:08 Application started. Press Ctrl+C to shut down.
INFO  10:20:08 Hosting environment: Development
INFO  10:20:08 Hosting environment: Development
INFO  10:20:08 Content root path: F:\CTS Training\SimulationProject - BankingApplication\BankEnquiryService\BankEnquiryService
INFO  10:20:08 Content root path: F:\CTS Training\SimulationProject - BankingApplication\BankEnquiryService\BankEnquiryService
INFO  10:21:57  Http GET is accesed
INFO  10:22:04 Http Get by userid 1 is successfull
INFO  10:22:18 Http Get by userid 1 is successfull
INFO  10:22:21  Http GET is accesed
INFO  10:15:56 Application started. Press Ctrl+C to shut down.
INFO  10:15:57 Application started. Press Ctrl+C to shut down.
INFO  10:15:57 Hosting environment: Development
INFO  10:15:57 Hosting environment: Development
INFO  10:15:57 Content root path: F:\CTS Training\SimulationProject - BankingApplication\BankEnquiryService\BankEnquiryService
INFO  10:15:57 Content root path: F:\CTS Training\SimulationProject - BankingApplication\BankEnquiryService\BankEnquiryService
INFO  10:18:28  Http GET is accesed
INFO  10:18:39 Http Get by userid 1 is successfull
INFO  10:18:57 Http Get by userid 1 is successfull
INFO  10:19:00  Http GET is accesed
INFO  10:21:31 Application started. Press Ctrl+C to shut down.
INFO  10:21:31 Application started. Press Ctrl+C to shut down.
INFO  10:21:31 Hosting environment: Development
INFO  10:21:31 Hosting environment: Development
INFO  10:21:31 Content root path: F:\CTS Training\SimulationProject - BankingApplication\BankEnquiryService\BankEnquiryService
INFO  10:21:31 Content root path: F:\CTS Training\SimulationProject - BankingApplication\BankEnquiryService\BankEnquiryService
INFO  10:22:26  Http GET is accesed
INFO  10:22:34 Http Get by userid 1 is successfull
INFO  10:22:45 Http Get by userid 1 is successfull
INFO  10:22:47  Http GET is accesed
INFO  10:49:05 Application started. Press Ctrl+C to shut down.
INFO  10:49:05 Application started. Press Ctrl+C to shut down.
INFO  10:49:05 Hosting environment: Development
INFO  10:49:05 Hosting environment: Development
INFO  10:49:05 Content root path: F:\CTS Training\SimulationProject - BankingApplication\BankEnquiryService\BankEnquiryService
INFO  10:49:05 Content root path: F:\CTS Training\SimulationProject - BankingApplication\BankEnquiryService\BankEnquiryService
INFO  10:51:54  Http GET is accesed
INFO  10:52:00 Http Get by userid 1 is successfull
INFO  10:52:16 Http Get by userid 1 is successfull
INFO  10:52:18  Http GET is accesed
INFO  11:06:26 Application started. Press Ctrl+C to shut down.
INFO  11:06:26 Application started. Press Ctrl+C to shut down.
INFO  11:06:26 Hosting environment: Development
INFO  11:06:26 Hosting environment: Development
INFO  11:06:26 Content root path: F:\CTS Training\SimulationProject - BankingApplication\BankEnquiryService\BankEnquiryService
INFO  11:06:26 Content root path: F:\CTS Training\SimulationProject - BankingApplication\BankEnquiryService\BankEnquiryService
INFO  11:07:17  Http GET is accesed
INFO  11:07:23 Http Get by userid 1 is successfull
INFO  11:07:40 Http Get by userid 1 is successfull
INFO  11:16:59 Application started. Press Ctrl+C to shut down.
INFO  11:16:59 Application started. Press Ctrl+C to shut down.
INFO  11:16:59 Hosting environment: Development
INFO  11:16:59 Hosting environment: Development
INFO  11:16:59 Content root path: F:\CTS Training\SimulationProject - BankingApplication\BankEnquiryService\BankEnquiryService
INFO  11:16:59 Content root path: F:\CTS Training\SimulationProject - BankingApplication\BankEnquiryService\BankEnquiryService
INFO  11:17:44  Http GET is accesed
INFO  11:17:56 Http Get by userid 1 is successfull
INFO  11:18:07 Http Get by userid 1 is successfull
INFO  11:18:09  Http GET is accesed
INFO  11:29:28 Application started. Press Ctrl+C to shut down.
INFO  11:29:28 Application started. Press Ctrl+C to shut down.
INFO  11:29:28 Hosting environment: Development
INFO  11:29:28 Hosting environment: Development
INFO  11:29:28 Content root path: F:\CTS Training\SimulationProject - BankingApplication\BankEnquiryService\BankEnquiryService
INFO  11:29:28 Content root path: F:\CTS Training\SimulationProject - BankingApplication\BankEnquiryService\BankEnquiryService
INFO  11:30:32  Http GET is accesed
INFO  11:30:39 Http Get by userid 1 is successfull
INFO  11:30:50 Http Get by userid 1 is successfull
INFO  11:30:52  Http GET is accesed
INFO  11:51:13 Application started. Press Ctrl+C to shut down.
INFO  11:51:13 Application started. Press Ctrl+C to shut down.
INFO  11:51:13 Hosting environment: Development
INFO  11:51:13 Hosting environment: Development
INFO  11:51:13 Content root path: F:\CTS Training\SimulationProject - BankingApplication\BankEnquiryService\BankEnquiryService
INFO  11:51:13 Content root path: F:\CTS Training\SimulationProject - BankingApplication\BankEnquiryService\BankEnquiryService
INFO  11:52:52 Application started. Press Ctrl+C to shut down.
INFO  11:52:52 Application started. Press Ctrl+C to shut down.
INFO  11:52:52 Hosting environment: Development
INFO  11:52:52 Hosting environment: Development
INFO  11:52:52 Content root path: F:\CTS Training\SimulationProject - BankingApplication\BankEnquiryService\BankEnquiryService
INFO  11:52:52 Content root path: F:\CTS Training\SimulationProject - BankingApplication\BankEnquiryService\BankEnquiryService
INFO  11:54:09  Http GET is accesed
INFO  11:54:15 Http Get by userid 1 is successfull
INFO  11:54:21 Http Get by userid 1 is successfull
INFO  11:54:22  Http GET is accesed
INFO  12:02:21 Application started. Press Ctrl+C to shut down.
INFO  12:02:21 Application started. Press Ctrl+C to shut down.
INFO  12:02:21 Hosting environment: Development
INFO  12:02:21 Hosting environment: Development
INFO  12:02:21 Content root path: F:\CTS Training\SimulationProject - BankingApplication\BankEnquiryService\BankEnquiryService
INFO  12:02:21 Content root path: F:\CTS Training\SimulationProject - BankingApplication\BankEnquiryService\BankEnquiryService
INFO  12:03:19  Http GET is accesed
INFO  12:03:26 Http Get by userid 1 is successfull
INFO  12:03:38 Http Get by userid 1 is successfull
INFO  12:03:41  Http GET is accesed
INFO  06:40:43 Application started. Press Ctrl+C to shut down.
INFO  06:40:43 Application started. Press Ctrl+C to shut down.
INFO  06:40:43 Hosting environment: Development
INFO  06:40:43 Hosting environment: Development
INFO  06:40:43 Content root path: F:\CTS Training\SimulationProject - BankingApplication\BankEnquiryService\BankEnquiryService
INFO  06:40:43 Content root path: F:\CTS Training\SimulationProject - BankingApplication\BankEnquiryService\BankEnquiryService
INFO  06:44:36  Http GET is accesed
INFO  06:44:46 Http Get by userid 1 is successfull
INFO  06:44:58 Http Get by userid 1 is successfull
INFO  06:45:01  Http GET is accesed
